2023-01-25 15:29:09,103 [Worker-2: Loading available Gradle versions] INFO  o.e.b.c.i.u.g.PublishedGradleVersions - Gradle version information cache is not available. Remote download required.
2023-01-25 15:29:29,319 [ModalContext] INFO  o.a.h.c.h.i.c.HttpRequestRetryExec - Recoverable I/O exception (org.apache.hc.core5.http.NoHttpResponseException) caught when processing request to {s}->https://marketplace.eclipse.org:443
2023-01-25 15:30:12,160 [Worker-7: Loading available Gradle versions] INFO  o.e.b.c.i.u.g.PublishedGradleVersions - Gradle version information cache is up-to-date. Trying to read.
2023-01-25 15:43:27,470 [Worker-5: Loading available Gradle versions] INFO  o.e.b.c.i.u.g.PublishedGradleVersions - Gradle version information cache is up-to-date. Trying to read.
2023-01-25 15:44:30,289 [Worker-8: Loading available Gradle versions] INFO  o.e.b.c.i.u.g.PublishedGradleVersions - Gradle version information cache is up-to-date. Trying to read.
2023-01-25 20:28:18,480 [Worker-6: Loading available Gradle versions] INFO  o.e.b.c.i.u.g.PublishedGradleVersions - Gradle version information cache is up-to-date. Trying to read.
2023-01-25 20:54:30,117 [Worker-59: Decoration Calculation] WARN  o.e.j.i.storage.file.PackDirectory - Pack file C:\Users\Jared\eclipse-workspace\eclipse\eclipse-workspace\.git\objects\pack\pack-60485855d0f5d2b5f69179c818291dac2e38ef90.pack was deleted, removing it from pack list
java.io.FileNotFoundException: C:\Users\Jared\eclipse-workspace\eclipse\eclipse-workspace\.git\objects\pack\pack-60485855d0f5d2b5f69179c818291dac2e38ef90.pack (The system cannot find the file specified)
	at java.base/java.io.RandomAccessFile.open0(Native Method)
	at java.base/java.io.RandomAccessFile.open(RandomAccessFile.java:344)
	at java.base/java.io.RandomAccessFile.<init>(RandomAccessFile.java:259)
	at java.base/java.io.RandomAccessFile.<init>(RandomAccessFile.java:213)
	at org.eclipse.jgit.internal.storage.file.Pack.doOpen(Pack.java:646)
	at org.eclipse.jgit.internal.storage.file.Pack.beginWindowCache(Pack.java:626)
	at org.eclipse.jgit.internal.storage.file.WindowCache.load(WindowCache.java:510)
	at org.eclipse.jgit.internal.storage.file.WindowCache.getOrLoad(WindowCache.java:602)
	at org.eclipse.jgit.internal.storage.file.WindowCache.get(WindowCache.java:385)
	at org.eclipse.jgit.internal.storage.file.WindowCursor.pin(WindowCursor.java:327)
	at org.eclipse.jgit.internal.storage.file.WindowCursor.copy(WindowCursor.java:226)
	at org.eclipse.jgit.internal.storage.file.Pack.readFully(Pack.java:602)
	at org.eclipse.jgit.internal.storage.file.Pack.load(Pack.java:785)
	at org.eclipse.jgit.internal.storage.file.Pack.get(Pack.java:273)
	at org.eclipse.jgit.internal.storage.file.PackDirectory.open(PackDirectory.java:212)
	at org.eclipse.jgit.internal.storage.file.ObjectDirectory.openPackedObject(ObjectDirectory.java:405)
	at org.eclipse.jgit.internal.storage.file.ObjectDirectory.openPackedFromSelfOrAlternate(ObjectDirectory.java:369)
	at org.eclipse.jgit.internal.storage.file.ObjectDirectory.openObjectWithoutRestoring(ObjectDirectory.java:360)
	at org.eclipse.jgit.internal.storage.file.ObjectDirectory.openObject(ObjectDirectory.java:345)
	at org.eclipse.jgit.internal.storage.file.WindowCursor.open(WindowCursor.java:132)
	at org.eclipse.jgit.lib.ObjectReader.open(ObjectReader.java:214)
	at org.eclipse.jgit.revwalk.RevWalk.parseAny(RevWalk.java:1081)
	at org.eclipse.jgit.revwalk.RevWalk.parseCommit(RevWalk.java:992)
	at org.eclipse.jgit.lib.BranchTrackingStatus.of(BranchTrackingStatus.java:59)
	at org.eclipse.egit.ui.internal.decorators.DecoratorRepositoryStateCache.lambda$3(DecoratorRepositoryStateCache.java:159)
	at org.eclipse.egit.core.UnitOfWork.get(UnitOfWork.java:132)
	at org.eclipse.egit.ui.internal.decorators.DecoratorRepositoryStateCache.lambda$2(DecoratorRepositoryStateCache.java:152)
	at java.base/java.util.concurrent.ConcurrentHashMap.computeIfAbsent(ConcurrentHashMap.java:1708)
	at org.eclipse.egit.ui.internal.decorators.DecoratorRepositoryStateCache.getBranchStatus(DecoratorRepositoryStateCache.java:151)
	at org.eclipse.egit.ui.internal.repository.RepositoryTreeNodeDecorator.decorateRepository(RepositoryTreeNodeDecorator.java:362)
	at org.eclipse.egit.ui.internal.repository.RepositoryTreeNodeDecorator.decorateText(RepositoryTreeNodeDecorator.java:256)
	at org.eclipse.egit.ui.internal.repository.RepositoryTreeNodeDecorator.decorateNode(RepositoryTreeNodeDecorator.java:139)
	at org.eclipse.egit.ui.internal.repository.RepositoryTreeNodeDecorator.lambda$0(RepositoryTreeNodeDecorator.java:130)
	at org.eclipse.egit.core.UnitOfWork.execute(UnitOfWork.java:96)
	at org.eclipse.egit.ui.internal.repository.RepositoryTreeNodeDecorator.decorate(RepositoryTreeNodeDecorator.java:129)
	at org.eclipse.ui.internal.decorators.LightweightDecoratorDefinition.decorate(LightweightDecoratorDefinition.java:257)
	at org.eclipse.ui.internal.decorators.LightweightDecoratorManager$LightweightRunnable.run(LightweightDecoratorManager.java:105)
	at org.eclipse.core.runtime.SafeRunner.run(SafeRunner.java:45)
	at org.eclipse.ui.internal.decorators.LightweightDecoratorManager.decorate(LightweightDecoratorManager.java:360)
	at org.eclipse.ui.internal.decorators.LightweightDecoratorManager.getDecorations(LightweightDecoratorManager.java:346)
	at org.eclipse.ui.internal.decorators.DecorationScheduler$1.queue(DecorationScheduler.java:419)
	at org.eclipse.ui.internal.decorators.DecorationScheduler$1.run(DecorationScheduler.java:397)
	at org.eclipse.core.internal.jobs.Worker.run(Worker.java:63)
2023-01-25 20:54:30,119 [Worker-59: Decoration Calculation] ERROR o.e.j.i.storage.file.PackDirectory - Exception caught while accessing pack file C:\Users\Jared\eclipse-workspace\eclipse\eclipse-workspace\.git\objects\pack\pack-11aac97760433b62291ef1a5aba2f9485e8bc8fa.pack, the pack file might be corrupt. Caught 1 consecutive errors while trying to read this pack.
java.io.IOException: Unreadable pack index: C:\Users\Jared\eclipse-workspace\eclipse\eclipse-workspace\.git\objects\pack\pack-11aac97760433b62291ef1a5aba2f9485e8bc8fa.idx
	at org.eclipse.jgit.internal.storage.file.PackIndex.open(PackIndex.java:69)
	at org.eclipse.jgit.internal.storage.file.Pack.idx(Pack.java:160)
	at org.eclipse.jgit.internal.storage.file.Pack.get(Pack.java:272)
	at org.eclipse.jgit.internal.storage.file.PackDirectory.open(PackDirectory.java:212)
	at org.eclipse.jgit.internal.storage.file.ObjectDirectory.openPackedObject(ObjectDirectory.java:405)
	at org.eclipse.jgit.internal.storage.file.ObjectDirectory.openPackedFromSelfOrAlternate(ObjectDirectory.java:369)
	at org.eclipse.jgit.internal.storage.file.ObjectDirectory.openObjectWithoutRestoring(ObjectDirectory.java:360)
	at org.eclipse.jgit.internal.storage.file.ObjectDirectory.openObject(ObjectDirectory.java:345)
	at org.eclipse.jgit.internal.storage.file.WindowCursor.open(WindowCursor.java:132)
	at org.eclipse.jgit.lib.ObjectReader.open(ObjectReader.java:214)
	at org.eclipse.jgit.revwalk.RevWalk.parseAny(RevWalk.java:1081)
	at org.eclipse.jgit.revwalk.RevWalk.parseCommit(RevWalk.java:992)
	at org.eclipse.jgit.lib.BranchTrackingStatus.of(BranchTrackingStatus.java:59)
	at org.eclipse.egit.ui.internal.decorators.DecoratorRepositoryStateCache.lambda$3(DecoratorRepositoryStateCache.java:159)
	at org.eclipse.egit.core.UnitOfWork.get(UnitOfWork.java:132)
	at org.eclipse.egit.ui.internal.decorators.DecoratorRepositoryStateCache.lambda$2(DecoratorRepositoryStateCache.java:152)
	at java.base/java.util.concurrent.ConcurrentHashMap.computeIfAbsent(ConcurrentHashMap.java:1708)
	at org.eclipse.egit.ui.internal.decorators.DecoratorRepositoryStateCache.getBranchStatus(DecoratorRepositoryStateCache.java:151)
	at org.eclipse.egit.ui.internal.repository.RepositoryTreeNodeDecorator.decorateRepository(RepositoryTreeNodeDecorator.java:362)
	at org.eclipse.egit.ui.internal.repository.RepositoryTreeNodeDecorator.decorateText(RepositoryTreeNodeDecorator.java:256)
	at org.eclipse.egit.ui.internal.repository.RepositoryTreeNodeDecorator.decorateNode(RepositoryTreeNodeDecorator.java:139)
	at org.eclipse.egit.ui.internal.repository.RepositoryTreeNodeDecorator.lambda$0(RepositoryTreeNodeDecorator.java:130)
	at org.eclipse.egit.core.UnitOfWork.execute(UnitOfWork.java:96)
	at org.eclipse.egit.ui.internal.repository.RepositoryTreeNodeDecorator.decorate(RepositoryTreeNodeDecorator.java:129)
	at org.eclipse.ui.internal.decorators.LightweightDecoratorDefinition.decorate(LightweightDecoratorDefinition.java:257)
	at org.eclipse.ui.internal.decorators.LightweightDecoratorManager$LightweightRunnable.run(LightweightDecoratorManager.java:105)
	at org.eclipse.core.runtime.SafeRunner.run(SafeRunner.java:45)
	at org.eclipse.ui.internal.decorators.LightweightDecoratorManager.decorate(LightweightDecoratorManager.java:360)
	at org.eclipse.ui.internal.decorators.LightweightDecoratorManager.getDecorations(LightweightDecoratorManager.java:346)
	at org.eclipse.ui.internal.decorators.DecorationScheduler$1.queue(DecorationScheduler.java:419)
	at org.eclipse.ui.internal.decorators.DecorationScheduler$1.run(DecorationScheduler.java:397)
	at org.eclipse.core.internal.jobs.Worker.run(Worker.java:63)
Caused by: java.io.FileNotFoundException: C:\Users\Jared\eclipse-workspace\eclipse\eclipse-workspace\.git\objects\pack\pack-11aac97760433b62291ef1a5aba2f9485e8bc8fa.idx (The system cannot find the file specified)
	at java.base/java.io.FileInputStream.open0(Native Method)
	at java.base/java.io.FileInputStream.open(FileInputStream.java:216)
	at java.base/java.io.FileInputStream.<init>(FileInputStream.java:157)
	at org.eclipse.jgit.util.io.SilentFileInputStream.<init>(SilentFileInputStream.java:31)
	at org.eclipse.jgit.internal.storage.file.PackIndex.open(PackIndex.java:65)
	... 31 common frames omitted
